[2025-12-23T14:48:59.977Z] [ERROR]: Cast to ObjectId failed for value "" (type string) at path "_id" for model "Website"
CastError: Cast to ObjectId failed for value "" (type string) at path "_id" for model "Website"
    at SchemaObjectId.cast (C:\MERN Project\behaveiq-platform\backend\node_modules\mongoose\lib\schema\objectId.js:253:11)
    at SchemaType.applySetters (C:\MERN Project\behaveiq-platform\backend\node_modules\mongoose\lib\schemaType.js:1288:12)
    at SchemaType.castForQuery (C:\MERN Project\behaveiq-platform\backend\node_modules\mongoose\lib\schemaType.js:1724:17)
    at cast (C:\MERN Project\behaveiq-platform\backend\node_modules\mongoose\lib\cast.js:390:32)
    at Query.cast (C:\MERN Project\behaveiq-platform\backend\node_modules\mongoose\lib\query.js:5060:12)
    at Query._castConditions (C:\MERN Project\behaveiq-platform\backend\node_modules\mongoose\lib\query.js:2374:10)
    at model.Query._findOne (C:\MERN Project\behaveiq-platform\backend\node_modules\mongoose\lib\query.js:2697:8)
    at model.Query.exec (C:\MERN Project\behaveiq-platform\backend\node_modules\mongoose\lib\query.js:4627:80)
    at process.processTicksAndRejections (node:internal/process/task_queues:105:5)
    at async C:\MERN Project\behaveiq-platform\backend\src\controllers\personaController.js:43:21
[2025-12-23T14:49:00.763Z] [ERROR]: Cast to ObjectId failed for value "" (type string) at path "_id" for model "Website"
CastError: Cast to ObjectId failed for value "" (type string) at path "_id" for model "Website"
    at SchemaObjectId.cast (C:\MERN Project\behaveiq-platform\backend\node_modules\mongoose\lib\schema\objectId.js:253:11)
    at SchemaType.applySetters (C:\MERN Project\behaveiq-platform\backend\node_modules\mongoose\lib\schemaType.js:1288:12)
    at SchemaType.castForQuery (C:\MERN Project\behaveiq-platform\backend\node_modules\mongoose\lib\schemaType.js:1724:17)
    at cast (C:\MERN Project\behaveiq-platform\backend\node_modules\mongoose\lib\cast.js:390:32)
    at Query.cast (C:\MERN Project\behaveiq-platform\backend\node_modules\mongoose\lib\query.js:5060:12)
    at Query._castConditions (C:\MERN Project\behaveiq-platform\backend\node_modules\mongoose\lib\query.js:2374:10)
    at model.Query._findOne (C:\MERN Project\behaveiq-platform\backend\node_modules\mongoose\lib\query.js:2697:8)
    at model.Query.exec (C:\MERN Project\behaveiq-platform\backend\node_modules\mongoose\lib\query.js:4627:80)
    at process.processTicksAndRejections (node:internal/process/task_queues:105:5)
    at async C:\MERN Project\behaveiq-platform\backend\src\controllers\personaController.js:43:21
[2025-12-23T14:49:01.394Z] [ERROR]: Cast to ObjectId failed for value "" (type string) at path "_id" for model "Website"
CastError: Cast to ObjectId failed for value "" (type string) at path "_id" for model "Website"
    at SchemaObjectId.cast (C:\MERN Project\behaveiq-platform\backend\node_modules\mongoose\lib\schema\objectId.js:253:11)
    at SchemaType.applySetters (C:\MERN Project\behaveiq-platform\backend\node_modules\mongoose\lib\schemaType.js:1288:12)
    at SchemaType.castForQuery (C:\MERN Project\behaveiq-platform\backend\node_modules\mongoose\lib\schemaType.js:1724:17)
    at cast (C:\MERN Project\behaveiq-platform\backend\node_modules\mongoose\lib\cast.js:390:32)
    at Query.cast (C:\MERN Project\behaveiq-platform\backend\node_modules\mongoose\lib\query.js:5060:12)
    at Query._castConditions (C:\MERN Project\behaveiq-platform\backend\node_modules\mongoose\lib\query.js:2374:10)
    at model.Query._findOne (C:\MERN Project\behaveiq-platform\backend\node_modules\mongoose\lib\query.js:2697:8)
    at model.Query.exec (C:\MERN Project\behaveiq-platform\backend\node_modules\mongoose\lib\query.js:4627:80)
    at process.processTicksAndRejections (node:internal/process/task_queues:105:5)
    at async C:\MERN Project\behaveiq-platform\backend\src\controllers\personaController.js:43:21
[2025-12-23T14:49:02.113Z] [ERROR]: Cast to ObjectId failed for value "" (type string) at path "_id" for model "Website"
CastError: Cast to ObjectId failed for value "" (type string) at path "_id" for model "Website"
    at SchemaObjectId.cast (C:\MERN Project\behaveiq-platform\backend\node_modules\mongoose\lib\schema\objectId.js:253:11)
    at SchemaType.applySetters (C:\MERN Project\behaveiq-platform\backend\node_modules\mongoose\lib\schemaType.js:1288:12)
    at SchemaType.castForQuery (C:\MERN Project\behaveiq-platform\backend\node_modules\mongoose\lib\schemaType.js:1724:17)
    at cast (C:\MERN Project\behaveiq-platform\backend\node_modules\mongoose\lib\cast.js:390:32)
    at Query.cast (C:\MERN Project\behaveiq-platform\backend\node_modules\mongoose\lib\query.js:5060:12)
    at Query._castConditions (C:\MERN Project\behaveiq-platform\backend\node_modules\mongoose\lib\query.js:2374:10)
    at model.Query._findOne (C:\MERN Project\behaveiq-platform\backend\node_modules\mongoose\lib\query.js:2697:8)
    at model.Query.exec (C:\MERN Project\behaveiq-platform\backend\node_modules\mongoose\lib\query.js:4627:80)
    at process.processTicksAndRejections (node:internal/process/task_queues:105:5)
    at async C:\MERN Project\behaveiq-platform\backend\src\controllers\personaController.js:43:21
[2025-12-23T14:49:02.704Z] [ERROR]: Cast to ObjectId failed for value "" (type string) at path "_id" for model "Website"
CastError: Cast to ObjectId failed for value "" (type string) at path "_id" for model "Website"
    at SchemaObjectId.cast (C:\MERN Project\behaveiq-platform\backend\node_modules\mongoose\lib\schema\objectId.js:253:11)
    at SchemaType.applySetters (C:\MERN Project\behaveiq-platform\backend\node_modules\mongoose\lib\schemaType.js:1288:12)
    at SchemaType.castForQuery (C:\MERN Project\behaveiq-platform\backend\node_modules\mongoose\lib\schemaType.js:1724:17)
    at cast (C:\MERN Project\behaveiq-platform\backend\node_modules\mongoose\lib\cast.js:390:32)
    at Query.cast (C:\MERN Project\behaveiq-platform\backend\node_modules\mongoose\lib\query.js:5060:12)
    at Query._castConditions (C:\MERN Project\behaveiq-platform\backend\node_modules\mongoose\lib\query.js:2374:10)
    at model.Query._findOne (C:\MERN Project\behaveiq-platform\backend\node_modules\mongoose\lib\query.js:2697:8)
    at model.Query.exec (C:\MERN Project\behaveiq-platform\backend\node_modules\mongoose\lib\query.js:4627:80)
    at process.processTicksAndRejections (node:internal/process/task_queues:105:5)
    at async C:\MERN Project\behaveiq-platform\backend\src\controllers\personaController.js:43:21
[2025-12-23T14:49:03.296Z] [ERROR]: Cast to ObjectId failed for value "" (type string) at path "_id" for model "Website"
CastError: Cast to ObjectId failed for value "" (type string) at path "_id" for model "Website"
    at SchemaObjectId.cast (C:\MERN Project\behaveiq-platform\backend\node_modules\mongoose\lib\schema\objectId.js:253:11)
    at SchemaType.applySetters (C:\MERN Project\behaveiq-platform\backend\node_modules\mongoose\lib\schemaType.js:1288:12)
    at SchemaType.castForQuery (C:\MERN Project\behaveiq-platform\backend\node_modules\mongoose\lib\schemaType.js:1724:17)
    at cast (C:\MERN Project\behaveiq-platform\backend\node_modules\mongoose\lib\cast.js:390:32)
    at Query.cast (C:\MERN Project\behaveiq-platform\backend\node_modules\mongoose\lib\query.js:5060:12)
    at Query._castConditions (C:\MERN Project\behaveiq-platform\backend\node_modules\mongoose\lib\query.js:2374:10)
    at model.Query._findOne (C:\MERN Project\behaveiq-platform\backend\node_modules\mongoose\lib\query.js:2697:8)
    at model.Query.exec (C:\MERN Project\behaveiq-platform\backend\node_modules\mongoose\lib\query.js:4627:80)
    at process.processTicksAndRejections (node:internal/process/task_queues:105:5)
    at async C:\MERN Project\behaveiq-platform\backend\src\controllers\personaController.js:43:21
[2025-12-23T14:50:50.545Z] [ERROR]: Cast to ObjectId failed for value "" (type string) at path "_id" for model "Website"
CastError: Cast to ObjectId failed for value "" (type string) at path "_id" for model "Website"
    at SchemaObjectId.cast (C:\MERN Project\behaveiq-platform\backend\node_modules\mongoose\lib\schema\objectId.js:253:11)
    at SchemaType.applySetters (C:\MERN Project\behaveiq-platform\backend\node_modules\mongoose\lib\schemaType.js:1288:12)
    at SchemaType.castForQuery (C:\MERN Project\behaveiq-platform\backend\node_modules\mongoose\lib\schemaType.js:1724:17)
    at cast (C:\MERN Project\behaveiq-platform\backend\node_modules\mongoose\lib\cast.js:390:32)
    at Query.cast (C:\MERN Project\behaveiq-platform\backend\node_modules\mongoose\lib\query.js:5060:12)
    at Query._castConditions (C:\MERN Project\behaveiq-platform\backend\node_modules\mongoose\lib\query.js:2374:10)
    at model.Query._findOne (C:\MERN Project\behaveiq-platform\backend\node_modules\mongoose\lib\query.js:2697:8)
    at model.Query.exec (C:\MERN Project\behaveiq-platform\backend\node_modules\mongoose\lib\query.js:4627:80)
    at process.processTicksAndRejections (node:internal/process/task_queues:105:5)
    at async C:\MERN Project\behaveiq-platform\backend\src\controllers\personaController.js:43:21
[2025-12-23T14:55:16.395Z] [ERROR]: Cast to ObjectId failed for value "" (type string) at path "_id" for model "Website"
CastError: Cast to ObjectId failed for value "" (type string) at path "_id" for model "Website"
    at SchemaObjectId.cast (C:\MERN Project\behaveiq-platform\backend\node_modules\mongoose\lib\schema\objectId.js:253:11)
    at SchemaType.applySetters (C:\MERN Project\behaveiq-platform\backend\node_modules\mongoose\lib\schemaType.js:1288:12)
    at SchemaType.castForQuery (C:\MERN Project\behaveiq-platform\backend\node_modules\mongoose\lib\schemaType.js:1724:17)
    at cast (C:\MERN Project\behaveiq-platform\backend\node_modules\mongoose\lib\cast.js:390:32)
    at Query.cast (C:\MERN Project\behaveiq-platform\backend\node_modules\mongoose\lib\query.js:5060:12)
    at Query._castConditions (C:\MERN Project\behaveiq-platform\backend\node_modules\mongoose\lib\query.js:2374:10)
    at model.Query._findOne (C:\MERN Project\behaveiq-platform\backend\node_modules\mongoose\lib\query.js:2697:8)
    at model.Query.exec (C:\MERN Project\behaveiq-platform\backend\node_modules\mongoose\lib\query.js:4627:80)
    at process.processTicksAndRejections (node:internal/process/task_queues:105:5)
    at async C:\MERN Project\behaveiq-platform\backend\src\controllers\personaController.js:43:21
[2025-12-23T14:58:49.524Z] [ERROR]: Cast to ObjectId failed for value "" (type string) at path "_id" for model "Website"
CastError: Cast to ObjectId failed for value "" (type string) at path "_id" for model "Website"
    at SchemaObjectId.cast (C:\MERN Project\behaveiq-platform\backend\node_modules\mongoose\lib\schema\objectId.js:253:11)
    at SchemaType.applySetters (C:\MERN Project\behaveiq-platform\backend\node_modules\mongoose\lib\schemaType.js:1288:12)
    at SchemaType.castForQuery (C:\MERN Project\behaveiq-platform\backend\node_modules\mongoose\lib\schemaType.js:1724:17)
    at cast (C:\MERN Project\behaveiq-platform\backend\node_modules\mongoose\lib\cast.js:390:32)
    at Query.cast (C:\MERN Project\behaveiq-platform\backend\node_modules\mongoose\lib\query.js:5060:12)
    at Query._castConditions (C:\MERN Project\behaveiq-platform\backend\node_modules\mongoose\lib\query.js:2374:10)
    at model.Query._findOne (C:\MERN Project\behaveiq-platform\backend\node_modules\mongoose\lib\query.js:2697:8)
    at model.Query.exec (C:\MERN Project\behaveiq-platform\backend\node_modules\mongoose\lib\query.js:4627:80)
    at process.processTicksAndRejections (node:internal/process/task_queues:105:5)
    at async C:\MERN Project\behaveiq-platform\backend\src\controllers\personaController.js:43:21
